THCudaCheck FAIL file=/pytorch/torch/lib/THC/generic/THCStorage.cu line=66 error=2 : out of memory
Traceback (most recent call last):
  File "../../../baseline.py", line 96, in <module>
    main()
  File "../../../baseline.py", line 50, in main
    summary = format_summary(conv_graph.main(opt), setting, model_config_name, static_settings)
  File "/u/weissmar/Documents/code/conv-graph/main.py", line 168, in main
    y_pred = my_model(inputs).float()
  File "/u/weissmar/venv/lib/python2.7/site-packages/torch/nn/modules/module.py", line 224, in __call__
    result = self.forward(*input, **kwargs)
  File "/u/weissmar/Documents/code/conv-graph/models.py", line 260, in forward
    x = layer(x)
  File "/u/weissmar/venv/lib/python2.7/site-packages/torch/nn/modules/module.py", line 224, in __call__
    result = self.forward(*input, **kwargs)
  File "/u/weissmar/Documents/code/conv-graph/graphLayer.py", line 542, in forward
    x = self.agregate_adj(x)
  File "/u/weissmar/Documents/code/conv-graph/graphLayer.py", line 97, in __call__
    max_value = (x.view(-1, x.size(-1), 1) * adj).max(dim=1)[0]
  File "/u/weissmar/venv/lib/python2.7/site-packages/torch/autograd/variable.py", line 834, in __mul__
    return self.mul(other)
  File "/u/weissmar/venv/lib/python2.7/site-packages/torch/autograd/variable.py", line 339, in mul
    return Mul.apply(self, other)
  File "/u/weissmar/venv/lib/python2.7/site-packages/torch/autograd/_functions/basic_ops.py", line 48, in forward
    return a.mul(b)
RuntimeError: cuda runtime error (2) : out of memory at /pytorch/torch/lib/THC/generic/THCStorage.cu:66
